Arguments: 
  /usr/bin/node /usr/bin/yarn add @openzepellin/contracts

PATH: 
  /home/jman/.vscode-server/bin/3c4e3df9e89829dce27b7b5c24508306b151f30d/bin:/usr/local/sbin:/usr/local/bin:/usr/sbin:/usr/bin:/sbin:/bin:/usr/games:/usr/local/games:/mnt/c/Program Files/Haskell/bin:/mnt/d/Programs/Haskell Platform/8.6.5/lib/extralibs/bin:/mnt/d/Programs/Haskell Platform/8.6.5/bin:/mnt/c/Python27/:/mnt/c/Python27/Scripts:/mnt/c/ProgramData/Boxstarter:/mnt/c/Windows/system32:/mnt/c/Windows:/mnt/c/Windows/System32/Wbem:/mnt/c/Windows/System32/WindowsPowerShell/v1.0/:/mnt/c/WINDOWS/system32:/mnt/c/WINDOWS:/mnt/c/WINDOWS/System32/Wbem:/mnt/c/WINDOWS/System32/WindowsPowerShell/v1.0/:/mnt/c/Program Files (x86)/NVIDIA Corporation/PhysX/Common:/mnt/c/WINDOWS/System32/OpenSSH/:/mnt/c/ProgramData/chocolatey/bin:/mnt/c/Program Files/Git/cmd:/mnt/c/Program Files/NVIDIA Corporation/NVIDIA NvDLISR:/mnt/c/Program Files/PuTTY/:/mnt/d/Programs/Haskell Platform/8.6.5/mingw/bin:/mnt/c/WINDOWS/system32:/mnt/c/WINDOWS:/mnt/c/WINDOWS/System32/Wbem:/mnt/c/WINDOWS/System32/WindowsPowerShell/v1.0/:/mnt/c/WINDOWS/System32/OpenSSH/:/mnt/c/Program Files/nodejs/:/mnt/c/Program Files (x86)/Intel/Intel(R) Management Engine Components/DAL:/mnt/c/Program Files/Intel/Intel(R) Management Engine Components/DAL:/mnt/c/Program Files (x86)/Yarn/bin/:/mnt/c/Users/josmf/AppData/Roaming/cabal/bin:/mnt/c/Users/josmf/AppData/Roaming/local/bin:/mnt/c/Ruby25-x64/bin:/mnt/c/RailsInstaller/Git/cmd:/mnt/c/RailsInstaller/Ruby2.3.3/bin:/mnt/c/Users/josmf/AppData/Local/Microsoft/WindowsApps:/mnt/c/Users/josmf/AppData/Local/Programs/Microsoft VS Code/bin:/mnt/c/Program Files/JetBrains/DataGrip 2019.1.2/bin:/mnt/c/Users/josmf/AppData/Local/Google/Cloud SDK/google-cloud-sdk/bin:/mnt/c/Users/josmf/AppData/Local/Microsoft/WindowsApps:/mnt/c/Users/josmf/AppData/Roaming/npm:/mnt/c/Users/josmf/AppData/Local/Yarn/bin:/snap/bin

Yarn version: 
  1.22.10

Node version: 
  12.22.1

Platform: 
  linux x64

Trace: 
  Error: https://registry.yarnpkg.com/@openzepellin%2fcontracts: Not found
      at Request.params.callback [as _callback] (/usr/lib/node_modules/yarn/lib/cli.js:66988:18)
      at Request.self.callback (/usr/lib/node_modules/yarn/lib/cli.js:140662:22)
      at Request.emit (events.js:314:20)
      at Request.<anonymous> (/usr/lib/node_modules/yarn/lib/cli.js:141634:10)
      at Request.emit (events.js:314:20)
      at IncomingMessage.<anonymous> (/usr/lib/node_modules/yarn/lib/cli.js:141556:12)
      at Object.onceWrapper (events.js:420:28)
      at IncomingMessage.emit (events.js:326:22)
      at endReadableNT (_stream_readable.js:1241:12)
      at processTicksAndRejections (internal/process/task_queues.js:84:21)

npm manifest: 
  {
    "name": "coins",
    "version": "1.0.0",
    "description": "Tokens for BitDefenders",
    "main": "index.js",
    "author": "Jose Miguel Fernandez",
    "license": "MIT"
  }

yarn manifest: 
  No manifest

Lockfile: 
  No lockfile
